TN:
SF:src/models/appointments/services/CreateAppointmentService.ts
FN:13,(anonymous_18)
FN:14,CreateAppointmentService
FN:20,(anonymous_20)
FNF:3
FNH:3
FNDA:1,(anonymous_18)
FNDA:2,CreateAppointmentService
FNDA:3,(anonymous_20)
DA:1,1
DA:4,1
DA:5,1
DA:13,1
DA:16,2
DA:17,2
DA:20,3
DA:22,3
DA:24,3
DA:28,3
DA:29,1
DA:32,2
DA:37,2
DA:39,1
DA:41,1
LF:15
LH:15
BRDA:28,0,0,1
BRDA:28,0,1,2
BRF:2
BRH:2
end_of_record
TN:
SF:src/models/users/services/AuthenticateUserService.ts
FN:20,(anonymous_18)
FN:22,AuthenticateUserService
FN:29,(anonymous_20)
FNF:3
FNH:3
FNDA:1,(anonymous_18)
FNDA:3,AuthenticateUserService
FNDA:3,(anonymous_20)
DA:2,1
DA:3,1
DA:4,1
DA:5,1
DA:20,1
DA:24,3
DA:26,3
DA:29,3
DA:30,3
DA:32,3
DA:33,1
DA:36,2
DA:38,2
DA:39,1
DA:42,1
DA:44,1
DA:49,1
DA:51,1
DA:53,1
LF:19
LH:19
BRDA:30,0,0,3
BRDA:32,1,0,1
BRDA:32,1,1,2
BRDA:38,2,0,1
BRDA:38,2,1,1
BRF:5
BRH:5
end_of_record
TN:
SF:src/models/users/services/CreateUserService.ts
FN:14,(anonymous_18)
FN:15,CreateUserService
FN:23,(anonymous_20)
FNF:3
FNH:3
FNDA:2,(anonymous_18)
FNDA:4,CreateUserService
FNDA:5,(anonymous_20)
DA:3,2
DA:5,2
DA:14,2
DA:17,4
DA:19,4
DA:23,5
DA:24,5
DA:26,5
DA:27,1
DA:30,4
DA:32,4
DA:38,4
DA:44,2
DA:46,2
LF:14
LH:14
BRDA:24,0,0,5
BRDA:26,1,0,1
BRDA:26,1,1,4
BRF:3
BRH:3
end_of_record
TN:
SF:src/models/users/services/UpdateUserAvatarService.ts
FN:13,(anonymous_18)
FN:14,UpdateUserAvatarService
FN:22,(anonymous_20)
FNF:3
FNH:3
FNDA:1,(anonymous_18)
FNDA:3,UpdateUserAvatarService
FNDA:4,(anonymous_20)
DA:2,1
DA:4,1
DA:13,1
DA:16,3
DA:19,3
DA:22,4
DA:23,4
DA:25,4
DA:26,1
DA:29,5
DA:30,2
DA:33,3
DA:35,3
DA:37,1
DA:39,1
LF:15
LH:15
BRDA:23,0,0,4
BRDA:23,0,1,3
BRDA:25,1,0,1
BRDA:25,1,1,3
BRDA:29,2,0,2
BRDA:29,2,1,1
BRF:6
BRH:6
end_of_record
